[0405/201156:WARNING:resource_bundle.cc(304)] locale_file_path.empty()
[0405/201156:ERROR:main_delegate.cc(564)] Could not load locale pak for en-US
[0405/201156:ERROR:main_delegate.cc(571)] Could not load cef.pak
[0405/201156:ERROR:main_delegate.cc(588)] Could not load cef_100_percent.pak
[0405/201156:WARNING:resource_bundle.cc(497)] locale resources are not loaded
[0405/201156:WARNING:resource_bundle.cc(304)] locale_file_path.empty()
[0405/201156:ERROR:main_delegate.cc(564)] Could not load locale pak for en-US
[0405/201156:ERROR:main_delegate.cc(571)] Could not load cef.pak
[0405/201156:ERROR:main_delegate.cc(588)] Could not load cef_100_percent.pak
[0405/201156:WARNING:resource_bundle.cc(497)] locale resources are not loaded
[0405/201156:WARNING:resource_bundle.cc(304)] locale_file_path.empty()
[0405/201156:ERROR:main_delegate.cc(564)] Could not load locale pak for en-US
[0405/201156:ERROR:main_delegate.cc(571)] Could not load cef.pak
[0405/201156:ERROR:main_delegate.cc(588)] Could not load cef_100_percent.pak
[0405/201156:WARNING:resource_bundle.cc(304)] locale_file_path.empty()
[0405/201156:ERROR:main_delegate.cc(564)] Could not load locale pak for en-US
[0405/201156:ERROR:main_delegate.cc(571)] Could not load cef.pak
[0405/201156:ERROR:main_delegate.cc(588)] Could not load cef_100_percent.pak
[0405/201157:WARNING:resource_bundle.cc(304)] locale_file_path.empty()
[0405/201157:ERROR:main_delegate.cc(564)] Could not load locale pak for en-US
[0405/201157:ERROR:main_delegate.cc(571)] Could not load cef.pak
[0405/201157:ERROR:main_delegate.cc(588)] Could not load cef_100_percent.pak
[0405/201157:WARNING:resource_bundle.cc(497)] locale resources are not loaded
[0405/201157:WARNING:resource_bundle.cc(304)] locale_file_path.empty()
[0405/201157:ERROR:main_delegate.cc(564)] Could not load locale pak for en-US
[0405/201157:ERROR:main_delegate.cc(571)] Could not load cef.pak
[0405/201157:ERROR:main_delegate.cc(588)] Could not load cef_100_percent.pak
[0405/201208:WARNING:resource_bundle.cc(304)] locale_file_path.empty()
[0405/201208:ERROR:main_delegate.cc(564)] Could not load locale pak for en-US
[0405/201208:ERROR:main_delegate.cc(571)] Could not load cef.pak
[0405/201208:ERROR:main_delegate.cc(588)] Could not load cef_100_percent.pak
[0405/201208:WARNING:resource_bundle.cc(497)] locale resources are not loaded
[0405/201208:WARNING:resource_bundle.cc(304)] locale_file_path.empty()
[0405/201208:ERROR:main_delegate.cc(564)] Could not load locale pak for en-US
[0405/201208:ERROR:main_delegate.cc(571)] Could not load cef.pak
[0405/201208:ERROR:main_delegate.cc(588)] Could not load cef_100_percent.pak
[0405/201208:WARNING:resource_bundle.cc(497)] locale resources are not loaded
[0405/201208:WARNING:resource_bundle.cc(304)] locale_file_path.empty()
[0405/201208:ERROR:main_delegate.cc(564)] Could not load locale pak for en-US
[0405/201208:ERROR:main_delegate.cc(571)] Could not load cef.pak
[0405/201208:ERROR:main_delegate.cc(588)] Could not load cef_100_percent.pak
[0405/201208:WARNING:resource_bundle.cc(304)] locale_file_path.empty()
[0405/201208:ERROR:main_delegate.cc(564)] Could not load locale pak for en-US
[0405/201208:ERROR:main_delegate.cc(571)] Could not load cef.pak
[0405/201208:ERROR:main_delegate.cc(588)] Could not load cef_100_percent.pak
[0405/201208:WARNING:resource_bundle.cc(304)] locale_file_path.empty()
[0405/201208:ERROR:main_delegate.cc(564)] Could not load locale pak for en-US
[0405/201208:ERROR:main_delegate.cc(571)] Could not load cef.pak
[0405/201208:ERROR:main_delegate.cc(588)] Could not load cef_100_percent.pak
[0405/201208:WARNING:resource_bundle.cc(497)] locale resources are not loaded
[0405/201208:WARNING:resource_bundle.cc(304)] locale_file_path.empty()
[0405/201208:ERROR:main_delegate.cc(564)] Could not load locale pak for en-US
[0405/201208:ERROR:main_delegate.cc(571)] Could not load cef.pak
[0405/201208:ERROR:main_delegate.cc(588)] Could not load cef_100_percent.pak
[0405/201235:WARNING:resource_bundle.cc(304)] locale_file_path.empty()
[0405/201235:ERROR:main_delegate.cc(564)] Could not load locale pak for en-US
[0405/201235:ERROR:main_delegate.cc(571)] Could not load cef.pak
[0405/201235:ERROR:main_delegate.cc(588)] Could not load cef_100_percent.pak
[0405/201235:WARNING:resource_bundle.cc(497)] locale resources are not loaded
[0405/201235:WARNING:resource_bundle.cc(304)] locale_file_path.empty()
[0405/201235:ERROR:main_delegate.cc(564)] Could not load locale pak for en-US
[0405/201235:ERROR:main_delegate.cc(571)] Could not load cef.pak
[0405/201235:ERROR:main_delegate.cc(588)] Could not load cef_100_percent.pak
[0405/201243:WARNING:resource_bundle.cc(304)] locale_file_path.empty()
[0405/201243:ERROR:main_delegate.cc(564)] Could not load locale pak for en-US
[0405/201243:ERROR:main_delegate.cc(571)] Could not load cef.pak
[0405/201243:ERROR:main_delegate.cc(588)] Could not load cef_100_percent.pak
[0405/201243:ERROR:renderer_main.cc(207)] Running without renderer sandbox
[0405/201443:ERROR:content_client.cc(148)] No data resource available for id 4700
[0405/201635:WARNING:resource_bundle.cc(304)] locale_file_path.empty()
[0405/201635:ERROR:main_delegate.cc(564)] Could not load locale pak for en-US
[0405/201635:ERROR:main_delegate.cc(571)] Could not load cef.pak
[0405/201635:ERROR:main_delegate.cc(588)] Could not load cef_100_percent.pak
[0405/201635:ERROR:renderer_main.cc(207)] Running without renderer sandbox
[0405/201635:WARNING:resource_bundle.cc(304)] locale_file_path.empty()
[0405/201635:ERROR:main_delegate.cc(564)] Could not load locale pak for en-US
[0405/201635:ERROR:main_delegate.cc(571)] Could not load cef.pak
[0405/201635:ERROR:main_delegate.cc(588)] Could not load cef_100_percent.pak
[0405/201635:ERROR:renderer_main.cc(207)] Running without renderer sandbox
[0405/202137:WARNING:resource_bundle.cc(304)] locale_file_path.empty()
[0405/202137:ERROR:main_delegate.cc(564)] Could not load locale pak for en-US
[0405/202137:ERROR:main_delegate.cc(571)] Could not load cef.pak
[0405/202137:ERROR:main_delegate.cc(588)] Could not load cef_100_percent.pak
[0405/202137:WARNING:resource_bundle.cc(497)] locale resources are not loaded
[0405/202137:WARNING:resource_bundle.cc(304)] locale_file_path.empty()
[0405/202137:ERROR:main_delegate.cc(564)] Could not load locale pak for en-US
[0405/202137:ERROR:main_delegate.cc(571)] Could not load cef.pak
[0405/202137:ERROR:main_delegate.cc(588)] Could not load cef_100_percent.pak
[0405/202140:WARNING:resource_bundle.cc(304)] locale_file_path.empty()
[0405/202140:ERROR:main_delegate.cc(564)] Could not load locale pak for en-US
[0405/202140:ERROR:main_delegate.cc(571)] Could not load cef.pak
[0405/202140:ERROR:main_delegate.cc(588)] Could not load cef_100_percent.pak
[0405/202140:ERROR:renderer_main.cc(207)] Running without renderer sandbox
[0405/202258:WARNING:resource_bundle.cc(304)] locale_file_path.empty()
[0405/202258:ERROR:main_delegate.cc(564)] Could not load locale pak for en-US
[0405/202258:ERROR:main_delegate.cc(571)] Could not load cef.pak
[0405/202258:ERROR:main_delegate.cc(588)] Could not load cef_100_percent.pak
[0405/202258:WARNING:resource_bundle.cc(497)] locale resources are not loaded
[0405/202258:WARNING:resource_bundle.cc(304)] locale_file_path.empty()
[0405/202258:ERROR:main_delegate.cc(564)] Could not load locale pak for en-US
[0405/202258:ERROR:main_delegate.cc(571)] Could not load cef.pak
[0405/202258:ERROR:main_delegate.cc(588)] Could not load cef_100_percent.pak
[0405/202301:WARNING:resource_bundle.cc(304)] locale_file_path.empty()
[0405/202301:ERROR:main_delegate.cc(564)] Could not load locale pak for en-US
[0405/202301:ERROR:main_delegate.cc(571)] Could not load cef.pak
[0405/202301:ERROR:main_delegate.cc(588)] Could not load cef_100_percent.pak
[0405/202301:ERROR:renderer_main.cc(207)] Running without renderer sandbox
[0405/205908:WARNING:resource_bundle.cc(304)] locale_file_path.empty()
[0405/205908:ERROR:main_delegate.cc(564)] Could not load locale pak for en-US
[0405/205908:ERROR:main_delegate.cc(571)] Could not load cef.pak
[0405/205908:ERROR:main_delegate.cc(588)] Could not load cef_100_percent.pak
[0405/205909:WARNING:resource_bundle.cc(304)] locale_file_path.empty()
[0405/205909:ERROR:main_delegate.cc(564)] Could not load locale pak for en-US
[0405/205909:ERROR:main_delegate.cc(571)] Could not load cef.pak
[0405/205909:ERROR:main_delegate.cc(588)] Could not load cef_100_percent.pak
[0405/205909:WARNING:resource_bundle.cc(497)] locale resources are not loaded
[0405/205909:WARNING:resource_bundle.cc(497)] locale resources are not loaded
[0405/205909:WARNING:resource_bundle.cc(304)] locale_file_path.empty()
[0405/205909:ERROR:main_delegate.cc(564)] Could not load locale pak for en-US
[0405/205909:ERROR:main_delegate.cc(571)] Could not load cef.pak
[0405/205909:ERROR:main_delegate.cc(588)] Could not load cef_100_percent.pak
[0405/205909:WARNING:resource_bundle.cc(304)] locale_file_path.empty()
[0405/205909:ERROR:main_delegate.cc(564)] Could not load locale pak for en-US
[0405/205909:ERROR:main_delegate.cc(571)] Could not load cef.pak
[0405/205909:ERROR:main_delegate.cc(588)] Could not load cef_100_percent.pak
[0405/205909:WARNING:resource_bundle.cc(304)] locale_file_path.empty()
[0405/205909:ERROR:main_delegate.cc(564)] Could not load locale pak for en-US
[0405/205909:ERROR:main_delegate.cc(571)] Could not load cef.pak
[0405/205909:ERROR:main_delegate.cc(588)] Could not load cef_100_percent.pak
[0405/205909:WARNING:resource_bundle.cc(497)] locale resources are not loaded
[0405/205909:WARNING:resource_bundle.cc(304)] locale_file_path.empty()
[0405/205909:ERROR:main_delegate.cc(564)] Could not load locale pak for en-US
[0405/205909:ERROR:main_delegate.cc(571)] Could not load cef.pak
[0405/205909:ERROR:main_delegate.cc(588)] Could not load cef_100_percent.pak
[0405/210005:WARNING:resource_bundle.cc(304)] locale_file_path.empty()
[0405/210005:ERROR:main_delegate.cc(564)] Could not load locale pak for en-US
[0405/210005:ERROR:main_delegate.cc(571)] Could not load cef.pak
[0405/210005:ERROR:main_delegate.cc(588)] Could not load cef_100_percent.pak
[0405/210005:ERROR:renderer_main.cc(207)] Running without renderer sandbox
[0405/210006:WARNING:resource_bundle.cc(304)] locale_file_path.empty()
[0405/210006:ERROR:main_delegate.cc(564)] Could not load locale pak for en-US
[0405/210006:ERROR:main_delegate.cc(571)] Could not load cef.pak
[0405/210006:ERROR:main_delegate.cc(588)] Could not load cef_100_percent.pak
[0405/210006:WARNING:resource_bundle.cc(497)] locale resources are not loaded
[0405/210006:WARNING:resource_bundle.cc(304)] locale_file_path.empty()
[0405/210006:ERROR:main_delegate.cc(564)] Could not load locale pak for en-US
[0405/210006:ERROR:main_delegate.cc(571)] Could not load cef.pak
[0405/210006:ERROR:main_delegate.cc(588)] Could not load cef_100_percent.pak
[0405/210006:WARNING:resource_bundle.cc(497)] locale resources are not loaded
[0405/210006:WARNING:resource_bundle.cc(304)] locale_file_path.empty()
[0405/210006:ERROR:main_delegate.cc(564)] Could not load locale pak for en-US
[0405/210006:ERROR:main_delegate.cc(571)] Could not load cef.pak
[0405/210006:ERROR:main_delegate.cc(588)] Could not load cef_100_percent.pak
[0405/210006:WARNING:resource_bundle.cc(304)] locale_file_path.empty()
[0405/210006:ERROR:main_delegate.cc(564)] Could not load locale pak for en-US
[0405/210006:ERROR:main_delegate.cc(571)] Could not load cef.pak
[0405/210006:ERROR:main_delegate.cc(588)] Could not load cef_100_percent.pak
[0405/210011:WARNING:resource_bundle.cc(304)] locale_file_path.empty()
[0405/210011:ERROR:main_delegate.cc(564)] Could not load locale pak for en-US
[0405/210011:ERROR:main_delegate.cc(571)] Could not load cef.pak
[0405/210011:ERROR:main_delegate.cc(588)] Could not load cef_100_percent.pak
[0405/210011:ERROR:renderer_main.cc(207)] Running without renderer sandbox
[0405/210011:WARNING:resource_bundle.cc(304)] locale_file_path.empty()
[0405/210011:ERROR:main_delegate.cc(564)] Could not load locale pak for en-US
[0405/210011:ERROR:main_delegate.cc(571)] Could not load cef.pak
[0405/210011:ERROR:main_delegate.cc(588)] Could not load cef_100_percent.pak
[0405/210011:ERROR:renderer_main.cc(207)] Running without renderer sandbox
[0405/210058:WARNING:resource_bundle.cc(304)] locale_file_path.empty()
[0405/210058:ERROR:main_delegate.cc(564)] Could not load locale pak for en-US
[0405/210058:ERROR:main_delegate.cc(571)] Could not load cef.pak
[0405/210058:ERROR:main_delegate.cc(588)] Could not load cef_100_percent.pak
[0405/210058:WARNING:resource_bundle.cc(497)] locale resources are not loaded
[0405/210058:WARNING:resource_bundle.cc(304)] locale_file_path.empty()
[0405/210058:ERROR:main_delegate.cc(564)] Could not load locale pak for en-US
[0405/210058:ERROR:main_delegate.cc(571)] Could not load cef.pak
[0405/210058:ERROR:main_delegate.cc(588)] Could not load cef_100_percent.pak
[0405/210101:WARNING:resource_bundle.cc(304)] locale_file_path.empty()
[0405/210101:ERROR:main_delegate.cc(564)] Could not load locale pak for en-US
[0405/210101:ERROR:main_delegate.cc(571)] Could not load cef.pak
[0405/210101:ERROR:main_delegate.cc(588)] Could not load cef_100_percent.pak
[0405/210101:ERROR:renderer_main.cc(207)] Running without renderer sandbox
[0405/210154:WARNING:resource_bundle.cc(304)] locale_file_path.empty()
[0405/210154:ERROR:main_delegate.cc(564)] Could not load locale pak for en-US
[0405/210154:ERROR:main_delegate.cc(571)] Could not load cef.pak
[0405/210154:ERROR:main_delegate.cc(588)] Could not load cef_100_percent.pak
[0405/210154:WARNING:resource_bundle.cc(497)] locale resources are not loaded
[0405/210154:WARNING:resource_bundle.cc(304)] locale_file_path.empty()
[0405/210154:ERROR:main_delegate.cc(564)] Could not load locale pak for en-US
[0405/210154:ERROR:main_delegate.cc(571)] Could not load cef.pak
[0405/210154:ERROR:main_delegate.cc(588)] Could not load cef_100_percent.pak
[0405/210158:WARNING:resource_bundle.cc(304)] locale_file_path.empty()
[0405/210158:ERROR:main_delegate.cc(564)] Could not load locale pak for en-US
[0405/210158:ERROR:main_delegate.cc(571)] Could not load cef.pak
[0405/210158:ERROR:main_delegate.cc(588)] Could not load cef_100_percent.pak
[0405/210158:ERROR:renderer_main.cc(207)] Running without renderer sandbox
[0405/210257:WARNING:resource_bundle.cc(304)] locale_file_path.empty()
[0405/210257:ERROR:main_delegate.cc(564)] Could not load locale pak for en-US
[0405/210257:ERROR:main_delegate.cc(571)] Could not load cef.pak
[0405/210257:ERROR:main_delegate.cc(588)] Could not load cef_100_percent.pak
[0405/210257:WARNING:resource_bundle.cc(497)] locale resources are not loaded
[0405/210257:WARNING:resource_bundle.cc(304)] locale_file_path.empty()
[0405/210257:ERROR:main_delegate.cc(564)] Could not load locale pak for en-US
[0405/210257:ERROR:main_delegate.cc(571)] Could not load cef.pak
[0405/210257:ERROR:main_delegate.cc(588)] Could not load cef_100_percent.pak
[0405/210302:WARNING:resource_bundle.cc(304)] locale_file_path.empty()
[0405/210302:ERROR:main_delegate.cc(564)] Could not load locale pak for en-US
[0405/210302:ERROR:main_delegate.cc(571)] Could not load cef.pak
[0405/210302:ERROR:main_delegate.cc(588)] Could not load cef_100_percent.pak
[0405/210302:ERROR:renderer_main.cc(207)] Running without renderer sandbox
[0405/210416:WARNING:resource_bundle.cc(304)] locale_file_path.empty()
[0405/210416:ERROR:main_delegate.cc(564)] Could not load locale pak for en-US
[0405/210416:ERROR:main_delegate.cc(571)] Could not load cef.pak
[0405/210416:ERROR:main_delegate.cc(588)] Could not load cef_100_percent.pak
[0405/210416:WARNING:resource_bundle.cc(497)] locale resources are not loaded
[0405/210416:WARNING:resource_bundle.cc(304)] locale_file_path.empty()
[0405/210416:ERROR:main_delegate.cc(564)] Could not load locale pak for en-US
[0405/210416:ERROR:main_delegate.cc(571)] Could not load cef.pak
[0405/210416:ERROR:main_delegate.cc(588)] Could not load cef_100_percent.pak
[0405/210420:WARNING:resource_bundle.cc(304)] locale_file_path.empty()
[0405/210420:ERROR:main_delegate.cc(564)] Could not load locale pak for en-US
[0405/210420:ERROR:main_delegate.cc(571)] Could not load cef.pak
[0405/210420:ERROR:main_delegate.cc(588)] Could not load cef_100_percent.pak
[0405/210420:ERROR:renderer_main.cc(207)] Running without renderer sandbox
[0405/210426:WARNING:resource_bundle.cc(304)] locale_file_path.empty()
[0405/210426:ERROR:main_delegate.cc(564)] Could not load locale pak for en-US
[0405/210426:ERROR:main_delegate.cc(571)] Could not load cef.pak
[0405/210426:ERROR:main_delegate.cc(588)] Could not load cef_100_percent.pak
[0405/210426:WARNING:resource_bundle.cc(497)] locale resources are not loaded
[0405/210426:WARNING:resource_bundle.cc(304)] locale_file_path.empty()
[0405/210426:ERROR:main_delegate.cc(564)] Could not load locale pak for en-US
[0405/210426:ERROR:main_delegate.cc(571)] Could not load cef.pak
[0405/210426:ERROR:main_delegate.cc(588)] Could not load cef_100_percent.pak
[0405/210430:WARNING:resource_bundle.cc(304)] locale_file_path.empty()
[0405/210430:ERROR:main_delegate.cc(564)] Could not load locale pak for en-US
[0405/210430:ERROR:main_delegate.cc(571)] Could not load cef.pak
[0405/210430:ERROR:main_delegate.cc(588)] Could not load cef_100_percent.pak
[0405/210430:ERROR:renderer_main.cc(207)] Running without renderer sandbox
[0405/210821:WARNING:resource_bundle.cc(304)] locale_file_path.empty()
[0405/210821:ERROR:main_delegate.cc(564)] Could not load locale pak for en-US
[0405/210821:ERROR:main_delegate.cc(571)] Could not load cef.pak
[0405/210821:ERROR:main_delegate.cc(588)] Could not load cef_100_percent.pak
[0405/210821:WARNING:resource_bundle.cc(497)] locale resources are not loaded
[0405/210821:WARNING:resource_bundle.cc(304)] locale_file_path.empty()
[0405/210821:ERROR:main_delegate.cc(564)] Could not load locale pak for en-US
[0405/210821:ERROR:main_delegate.cc(571)] Could not load cef.pak
[0405/210821:ERROR:main_delegate.cc(588)] Could not load cef_100_percent.pak
[0405/210826:WARNING:resource_bundle.cc(304)] locale_file_path.empty()
[0405/210826:ERROR:main_delegate.cc(564)] Could not load locale pak for en-US
[0405/210826:ERROR:main_delegate.cc(571)] Could not load cef.pak
[0405/210826:ERROR:main_delegate.cc(588)] Could not load cef_100_percent.pak
[0405/210826:ERROR:renderer_main.cc(207)] Running without renderer sandbox
[0405/211300:WARNING:resource_bundle.cc(304)] locale_file_path.empty()
[0405/211300:ERROR:main_delegate.cc(564)] Could not load locale pak for en-US
[0405/211300:ERROR:main_delegate.cc(571)] Could not load cef.pak
[0405/211300:ERROR:main_delegate.cc(588)] Could not load cef_100_percent.pak
[0405/211300:WARNING:resource_bundle.cc(497)] locale resources are not loaded
[0405/211300:WARNING:resource_bundle.cc(304)] locale_file_path.empty()
[0405/211300:ERROR:main_delegate.cc(564)] Could not load locale pak for en-US
[0405/211300:ERROR:main_delegate.cc(571)] Could not load cef.pak
[0405/211300:ERROR:main_delegate.cc(588)] Could not load cef_100_percent.pak
[0405/211303:WARNING:resource_bundle.cc(304)] locale_file_path.empty()
[0405/211303:ERROR:main_delegate.cc(564)] Could not load locale pak for en-US
[0405/211303:ERROR:main_delegate.cc(571)] Could not load cef.pak
[0405/211303:ERROR:main_delegate.cc(588)] Could not load cef_100_percent.pak
[0405/211303:ERROR:renderer_main.cc(207)] Running without renderer sandbox
[0405/211332:WARNING:resource_bundle.cc(304)] locale_file_path.empty()
[0405/211332:ERROR:main_delegate.cc(564)] Could not load locale pak for en-US
[0405/211332:ERROR:main_delegate.cc(571)] Could not load cef.pak
[0405/211332:ERROR:main_delegate.cc(588)] Could not load cef_100_percent.pak
[0405/211332:ERROR:renderer_main.cc(207)] Running without renderer sandbox
[0405/211414:ERROR:content_client.cc(148)] No data resource available for id 4700
[0405/211634:WARNING:resource_bundle.cc(304)] locale_file_path.empty()
[0405/211634:ERROR:main_delegate.cc(564)] Could not load locale pak for en-US
[0405/211634:ERROR:main_delegate.cc(571)] Could not load cef.pak
[0405/211634:ERROR:main_delegate.cc(588)] Could not load cef_100_percent.pak
[0405/211634:WARNING:resource_bundle.cc(497)] locale resources are not loaded
[0405/211634:WARNING:resource_bundle.cc(304)] locale_file_path.empty()
[0405/211634:ERROR:main_delegate.cc(564)] Could not load locale pak for en-US
[0405/211634:ERROR:main_delegate.cc(571)] Could not load cef.pak
[0405/211634:ERROR:main_delegate.cc(588)] Could not load cef_100_percent.pak
[0405/213343:WARNING:resource_bundle.cc(304)] locale_file_path.empty()
[0405/213343:ERROR:main_delegate.cc(564)] Could not load locale pak for en-US
[0405/213343:ERROR:main_delegate.cc(571)] Could not load cef.pak
[0405/213343:ERROR:main_delegate.cc(588)] Could not load cef_100_percent.pak
[0405/213343:WARNING:resource_bundle.cc(304)] locale_file_path.empty()
[0405/213343:ERROR:main_delegate.cc(564)] Could not load locale pak for en-US
[0405/213343:ERROR:main_delegate.cc(571)] Could not load cef.pak
[0405/213343:ERROR:main_delegate.cc(588)] Could not load cef_100_percent.pak
[0405/213343:WARNING:resource_bundle.cc(497)] locale resources are not loaded
[0405/213344:WARNING:resource_bundle.cc(497)] locale resources are not loaded
[0405/213344:WARNING:resource_bundle.cc(304)] locale_file_path.empty()
[0405/213344:ERROR:main_delegate.cc(564)] Could not load locale pak for en-US
[0405/213344:ERROR:main_delegate.cc(571)] Could not load cef.pak
[0405/213344:ERROR:main_delegate.cc(588)] Could not load cef_100_percent.pak
[0405/213344:WARNING:resource_bundle.cc(304)] locale_file_path.empty()
[0405/213344:ERROR:main_delegate.cc(564)] Could not load locale pak for en-US
[0405/213344:ERROR:main_delegate.cc(571)] Could not load cef.pak
[0405/213344:ERROR:main_delegate.cc(588)] Could not load cef_100_percent.pak
[0405/213346:WARNING:resource_bundle.cc(304)] locale_file_path.empty()
[0405/213346:ERROR:main_delegate.cc(564)] Could not load locale pak for en-US
[0405/213346:ERROR:main_delegate.cc(571)] Could not load cef.pak
[0405/213346:ERROR:main_delegate.cc(588)] Could not load cef_100_percent.pak
[0405/213346:WARNING:resource_bundle.cc(497)] locale resources are not loaded
[0405/213346:WARNING:resource_bundle.cc(304)] locale_file_path.empty()
[0405/213346:ERROR:main_delegate.cc(564)] Could not load locale pak for en-US
[0405/213346:ERROR:main_delegate.cc(571)] Could not load cef.pak
[0405/213346:ERROR:main_delegate.cc(588)] Could not load cef_100_percent.pak
[0405/213347:WARNING:resource_bundle.cc(304)] locale_file_path.empty()
[0405/213347:ERROR:main_delegate.cc(564)] Could not load locale pak for en-US
[0405/213347:ERROR:main_delegate.cc(571)] Could not load cef.pak
[0405/213347:ERROR:main_delegate.cc(588)] Could not load cef_100_percent.pak
[0405/213347:ERROR:renderer_main.cc(207)] Running without renderer sandbox
[0405/213348:WARNING:resource_bundle.cc(304)] locale_file_path.empty()
[0405/213348:ERROR:main_delegate.cc(564)] Could not load locale pak for en-US
[0405/213348:ERROR:main_delegate.cc(571)] Could not load cef.pak
[0405/213348:ERROR:main_delegate.cc(588)] Could not load cef_100_percent.pak
[0405/213348:ERROR:renderer_main.cc(207)] Running without renderer sandbox
[0405/213350:WARNING:resource_bundle.cc(304)] locale_file_path.empty()
[0405/213350:ERROR:main_delegate.cc(564)] Could not load locale pak for en-US
[0405/213350:ERROR:main_delegate.cc(571)] Could not load cef.pak
[0405/213350:ERROR:main_delegate.cc(588)] Could not load cef_100_percent.pak
[0405/213350:ERROR:renderer_main.cc(207)] Running without renderer sandbox
[0405/213527:WARNING:resource_bundle.cc(304)] locale_file_path.empty()
[0405/213527:ERROR:main_delegate.cc(564)] Could not load locale pak for en-US
[0405/213527:ERROR:main_delegate.cc(571)] Could not load cef.pak
[0405/213527:ERROR:main_delegate.cc(588)] Could not load cef_100_percent.pak
[0405/213527:WARNING:resource_bundle.cc(497)] locale resources are not loaded
[0405/213527:WARNING:resource_bundle.cc(304)] locale_file_path.empty()
[0405/213527:ERROR:main_delegate.cc(564)] Could not load locale pak for en-US
[0405/213527:ERROR:main_delegate.cc(571)] Could not load cef.pak
[0405/213527:ERROR:main_delegate.cc(588)] Could not load cef_100_percent.pak
[0405/213530:WARNING:resource_bundle.cc(304)] locale_file_path.empty()
[0405/213530:ERROR:main_delegate.cc(564)] Could not load locale pak for en-US
[0405/213530:ERROR:main_delegate.cc(571)] Could not load cef.pak
[0405/213530:ERROR:main_delegate.cc(588)] Could not load cef_100_percent.pak
[0405/213530:ERROR:renderer_main.cc(207)] Running without renderer sandbox
[0405/213546:WARNING:resource_bundle.cc(304)] locale_file_path.empty()
[0405/213546:ERROR:main_delegate.cc(564)] Could not load locale pak for en-US
[0405/213546:ERROR:main_delegate.cc(571)] Could not load cef.pak
[0405/213546:ERROR:main_delegate.cc(588)] Could not load cef_100_percent.pak
[0405/213546:WARNING:resource_bundle.cc(497)] locale resources are not loaded
[0405/213546:WARNING:resource_bundle.cc(304)] locale_file_path.empty()
[0405/213546:ERROR:main_delegate.cc(564)] Could not load locale pak for en-US
[0405/213546:ERROR:main_delegate.cc(571)] Could not load cef.pak
[0405/213546:ERROR:main_delegate.cc(588)] Could not load cef_100_percent.pak
[0405/213546:WARNING:resource_bundle.cc(497)] locale resources are not loaded
[0405/213546:WARNING:resource_bundle.cc(304)] locale_file_path.empty()
[0405/213546:ERROR:main_delegate.cc(564)] Could not load locale pak for en-US
[0405/213546:ERROR:main_delegate.cc(571)] Could not load cef.pak
[0405/213546:ERROR:main_delegate.cc(588)] Could not load cef_100_percent.pak
[0405/213546:WARNING:resource_bundle.cc(304)] locale_file_path.empty()
[0405/213546:ERROR:main_delegate.cc(564)] Could not load locale pak for en-US
[0405/213546:ERROR:main_delegate.cc(571)] Could not load cef.pak
[0405/213546:ERROR:main_delegate.cc(588)] Could not load cef_100_percent.pak
[0405/213546:WARNING:resource_bundle.cc(304)] locale_file_path.empty()
[0405/213546:ERROR:main_delegate.cc(564)] Could not load locale pak for en-US
[0405/213546:ERROR:main_delegate.cc(571)] Could not load cef.pak
[0405/213546:ERROR:main_delegate.cc(588)] Could not load cef_100_percent.pak
[0405/213546:WARNING:resource_bundle.cc(497)] locale resources are not loaded
[0405/213547:WARNING:resource_bundle.cc(304)] locale_file_path.empty()
[0405/213547:ERROR:main_delegate.cc(564)] Could not load locale pak for en-US
[0405/213547:ERROR:main_delegate.cc(571)] Could not load cef.pak
[0405/213547:ERROR:main_delegate.cc(588)] Could not load cef_100_percent.pak
[0405/213550:WARNING:resource_bundle.cc(304)] locale_file_path.empty()
[0405/213550:ERROR:main_delegate.cc(564)] Could not load locale pak for en-US
[0405/213550:ERROR:main_delegate.cc(571)] Could not load cef.pak
[0405/213550:ERROR:main_delegate.cc(588)] Could not load cef_100_percent.pak
[0405/213550:ERROR:renderer_main.cc(207)] Running without renderer sandbox
[0405/213552:WARNING:resource_bundle.cc(304)] locale_file_path.empty()
[0405/213552:ERROR:main_delegate.cc(564)] Could not load locale pak for en-US
[0405/213552:ERROR:main_delegate.cc(571)] Could not load cef.pak
[0405/213552:ERROR:main_delegate.cc(588)] Could not load cef_100_percent.pak
[0405/213552:ERROR:renderer_main.cc(207)] Running without renderer sandbox
[0405/213552:WARNING:resource_bundle.cc(304)] locale_file_path.empty()
[0405/213552:ERROR:main_delegate.cc(564)] Could not load locale pak for en-US
[0405/213552:ERROR:main_delegate.cc(571)] Could not load cef.pak
[0405/213552:ERROR:main_delegate.cc(588)] Could not load cef_100_percent.pak
[0405/213552:ERROR:renderer_main.cc(207)] Running without renderer sandbox
[0405/213616:WARNING:resource_bundle.cc(304)] locale_file_path.empty()
[0405/213616:ERROR:main_delegate.cc(564)] Could not load locale pak for en-US
[0405/213616:ERROR:main_delegate.cc(571)] Could not load cef.pak
[0405/213616:ERROR:main_delegate.cc(588)] Could not load cef_100_percent.pak
[0405/213616:WARNING:resource_bundle.cc(497)] locale resources are not loaded
[0405/213616:WARNING:resource_bundle.cc(304)] locale_file_path.empty()
[0405/213616:ERROR:main_delegate.cc(564)] Could not load locale pak for en-US
[0405/213616:ERROR:main_delegate.cc(571)] Could not load cef.pak
[0405/213616:ERROR:main_delegate.cc(588)] Could not load cef_100_percent.pak
[0405/213617:WARNING:resource_bundle.cc(304)] locale_file_path.empty()
[0405/213617:ERROR:main_delegate.cc(564)] Could not load locale pak for en-US
[0405/213617:ERROR:main_delegate.cc(571)] Could not load cef.pak
[0405/213617:ERROR:main_delegate.cc(588)] Could not load cef_100_percent.pak
[0405/213617:WARNING:resource_bundle.cc(497)] locale resources are not loaded
[0405/213617:WARNING:resource_bundle.cc(304)] locale_file_path.empty()
[0405/213617:ERROR:main_delegate.cc(564)] Could not load locale pak for en-US
[0405/213617:ERROR:main_delegate.cc(571)] Could not load cef.pak
[0405/213617:ERROR:main_delegate.cc(588)] Could not load cef_100_percent.pak
[0405/213619:WARNING:resource_bundle.cc(304)] locale_file_path.empty()
[0405/213619:ERROR:main_delegate.cc(564)] Could not load locale pak for en-US
[0405/213619:ERROR:main_delegate.cc(571)] Could not load cef.pak
[0405/213619:ERROR:main_delegate.cc(588)] Could not load cef_100_percent.pak
[0405/213619:WARNING:resource_bundle.cc(497)] locale resources are not loaded
[0405/213619:WARNING:resource_bundle.cc(304)] locale_file_path.empty()
[0405/213619:ERROR:main_delegate.cc(564)] Could not load locale pak for en-US
[0405/213619:ERROR:main_delegate.cc(571)] Could not load cef.pak
[0405/213619:ERROR:main_delegate.cc(588)] Could not load cef_100_percent.pak
[0405/213620:WARNING:resource_bundle.cc(304)] locale_file_path.empty()
[0405/213620:ERROR:main_delegate.cc(564)] Could not load locale pak for en-US
[0405/213620:ERROR:main_delegate.cc(571)] Could not load cef.pak
[0405/213620:ERROR:main_delegate.cc(588)] Could not load cef_100_percent.pak
[0405/213621:ERROR:renderer_main.cc(207)] Running without renderer sandbox
[0405/213622:WARNING:resource_bundle.cc(304)] locale_file_path.empty()
[0405/213622:ERROR:main_delegate.cc(564)] Could not load locale pak for en-US
[0405/213622:ERROR:main_delegate.cc(571)] Could not load cef.pak
[0405/213622:ERROR:main_delegate.cc(588)] Could not load cef_100_percent.pak
[0405/213622:ERROR:renderer_main.cc(207)] Running without renderer sandbox
[0405/213624:WARNING:resource_bundle.cc(304)] locale_file_path.empty()
[0405/213624:ERROR:main_delegate.cc(564)] Could not load locale pak for en-US
[0405/213624:ERROR:main_delegate.cc(571)] Could not load cef.pak
[0405/213624:ERROR:main_delegate.cc(588)] Could not load cef_100_percent.pak
[0405/213624:ERROR:renderer_main.cc(207)] Running without renderer sandbox
[0405/213627:WARNING:resource_bundle.cc(304)] locale_file_path.empty()
[0405/213627:ERROR:main_delegate.cc(564)] Could not load locale pak for en-US
[0405/213627:ERROR:main_delegate.cc(571)] Could not load cef.pak
[0405/213627:ERROR:main_delegate.cc(588)] Could not load cef_100_percent.pak
[0405/213627:WARNING:resource_bundle.cc(497)] locale resources are not loaded
[0405/213628:WARNING:resource_bundle.cc(304)] locale_file_path.empty()
[0405/213628:ERROR:main_delegate.cc(564)] Could not load locale pak for en-US
[0405/213628:ERROR:main_delegate.cc(571)] Could not load cef.pak
[0405/213628:ERROR:main_delegate.cc(588)] Could not load cef_100_percent.pak
[0405/213631:WARNING:resource_bundle.cc(304)] locale_file_path.empty()
[0405/213631:ERROR:main_delegate.cc(564)] Could not load locale pak for en-US
[0405/213631:ERROR:main_delegate.cc(571)] Could not load cef.pak
[0405/213631:ERROR:main_delegate.cc(588)] Could not load cef_100_percent.pak
[0405/213631:ERROR:renderer_main.cc(207)] Running without renderer sandbox
[0405/213723:WARNING:resource_bundle.cc(304)] locale_file_path.empty()
[0405/213723:ERROR:main_delegate.cc(564)] Could not load locale pak for en-US
[0405/213723:ERROR:main_delegate.cc(571)] Could not load cef.pak
[0405/213723:ERROR:main_delegate.cc(588)] Could not load cef_100_percent.pak
[0405/213723:WARNING:resource_bundle.cc(497)] locale resources are not loaded
[0405/213723:WARNING:resource_bundle.cc(304)] locale_file_path.empty()
[0405/213723:ERROR:main_delegate.cc(564)] Could not load locale pak for en-US
[0405/213723:ERROR:main_delegate.cc(571)] Could not load cef.pak
[0405/213723:ERROR:main_delegate.cc(588)] Could not load cef_100_percent.pak
[0405/213726:WARNING:resource_bundle.cc(304)] locale_file_path.empty()
[0405/213726:ERROR:main_delegate.cc(564)] Could not load locale pak for en-US
[0405/213726:ERROR:main_delegate.cc(571)] Could not load cef.pak
[0405/213726:ERROR:main_delegate.cc(588)] Could not load cef_100_percent.pak
[0405/213726:ERROR:renderer_main.cc(207)] Running without renderer sandbox
[0405/213741:WARNING:resource_bundle.cc(304)] locale_file_path.empty()
[0405/213741:ERROR:main_delegate.cc(564)] Could not load locale pak for en-US
[0405/213741:ERROR:main_delegate.cc(571)] Could not load cef.pak
[0405/213741:ERROR:main_delegate.cc(588)] Could not load cef_100_percent.pak
[0405/213741:WARNING:resource_bundle.cc(497)] locale resources are not loaded
[0405/213742:WARNING:resource_bundle.cc(304)] locale_file_path.empty()
[0405/213742:ERROR:main_delegate.cc(564)] Could not load locale pak for en-US
[0405/213742:ERROR:main_delegate.cc(571)] Could not load cef.pak
[0405/213742:ERROR:main_delegate.cc(588)] Could not load cef_100_percent.pak
[0405/213743:WARNING:resource_bundle.cc(304)] locale_file_path.empty()
[0405/213743:ERROR:main_delegate.cc(564)] Could not load locale pak for en-US
[0405/213743:ERROR:main_delegate.cc(571)] Could not load cef.pak
[0405/213743:ERROR:main_delegate.cc(588)] Could not load cef_100_percent.pak
[0405/213743:WARNING:resource_bundle.cc(497)] locale resources are not loaded
[0405/213743:WARNING:resource_bundle.cc(304)] locale_file_path.empty()
[0405/213743:ERROR:main_delegate.cc(564)] Could not load locale pak for en-US
[0405/213743:ERROR:main_delegate.cc(571)] Could not load cef.pak
[0405/213743:ERROR:main_delegate.cc(588)] Could not load cef_100_percent.pak
[0405/213746:WARNING:resource_bundle.cc(304)] locale_file_path.empty()
[0405/213746:ERROR:main_delegate.cc(564)] Could not load locale pak for en-US
[0405/213746:ERROR:main_delegate.cc(571)] Could not load cef.pak
[0405/213746:ERROR:main_delegate.cc(588)] Could not load cef_100_percent.pak
[0405/213746:ERROR:renderer_main.cc(207)] Running without renderer sandbox
[0405/213746:WARNING:resource_bundle.cc(304)] locale_file_path.empty()
[0405/213746:ERROR:main_delegate.cc(564)] Could not load locale pak for en-US
[0405/213746:ERROR:main_delegate.cc(571)] Could not load cef.pak
[0405/213746:ERROR:main_delegate.cc(588)] Could not load cef_100_percent.pak
[0405/213746:WARNING:resource_bundle.cc(497)] locale resources are not loaded
[0405/213746:WARNING:resource_bundle.cc(304)] locale_file_path.empty()
[0405/213746:ERROR:main_delegate.cc(564)] Could not load locale pak for en-US
[0405/213746:ERROR:main_delegate.cc(571)] Could not load cef.pak
[0405/213746:ERROR:main_delegate.cc(588)] Could not load cef_100_percent.pak
[0405/213748:WARNING:resource_bundle.cc(304)] locale_file_path.empty()
[0405/213748:ERROR:main_delegate.cc(564)] Could not load locale pak for en-US
[0405/213748:ERROR:main_delegate.cc(571)] Could not load cef.pak
[0405/213748:ERROR:main_delegate.cc(588)] Could not load cef_100_percent.pak
[0405/213748:ERROR:renderer_main.cc(207)] Running without renderer sandbox
[0405/213751:WARNING:resource_bundle.cc(304)] locale_file_path.empty()
[0405/213751:ERROR:main_delegate.cc(564)] Could not load locale pak for en-US
[0405/213751:ERROR:main_delegate.cc(571)] Could not load cef.pak
[0405/213751:ERROR:main_delegate.cc(588)] Could not load cef_100_percent.pak
[0405/213751:ERROR:renderer_main.cc(207)] Running without renderer sandbox
[0405/213755:WARNING:resource_bundle.cc(304)] locale_file_path.empty()
[0405/213755:ERROR:main_delegate.cc(564)] Could not load locale pak for en-US
[0405/213755:ERROR:main_delegate.cc(571)] Could not load cef.pak
[0405/213755:ERROR:main_delegate.cc(588)] Could not load cef_100_percent.pak
[0405/213755:WARNING:resource_bundle.cc(497)] locale resources are not loaded
[0405/213755:WARNING:resource_bundle.cc(304)] locale_file_path.empty()
[0405/213755:ERROR:main_delegate.cc(564)] Could not load locale pak for en-US
[0405/213755:ERROR:main_delegate.cc(571)] Could not load cef.pak
[0405/213755:ERROR:main_delegate.cc(588)] Could not load cef_100_percent.pak
[0405/213758:WARNING:resource_bundle.cc(304)] locale_file_path.empty()
[0405/213758:ERROR:main_delegate.cc(564)] Could not load locale pak for en-US
[0405/213758:ERROR:main_delegate.cc(571)] Could not load cef.pak
[0405/213758:ERROR:main_delegate.cc(588)] Could not load cef_100_percent.pak
[0405/213758:ERROR:renderer_main.cc(207)] Running without renderer sandbox
[0405/213904:WARNING:resource_bundle.cc(304)] locale_file_path.empty()
[0405/213904:ERROR:main_delegate.cc(564)] Could not load locale pak for en-US
[0405/213904:ERROR:main_delegate.cc(571)] Could not load cef.pak
[0405/213904:ERROR:main_delegate.cc(588)] Could not load cef_100_percent.pak
[0405/213904:WARNING:resource_bundle.cc(497)] locale resources are not loaded
[0405/213904:WARNING:resource_bundle.cc(304)] locale_file_path.empty()
[0405/213904:ERROR:main_delegate.cc(564)] Could not load locale pak for en-US
[0405/213904:ERROR:main_delegate.cc(571)] Could not load cef.pak
[0405/213904:ERROR:main_delegate.cc(588)] Could not load cef_100_percent.pak
[0405/213910:WARNING:resource_bundle.cc(304)] locale_file_path.empty()
[0405/213910:ERROR:main_delegate.cc(564)] Could not load locale pak for en-US
[0405/213910:ERROR:main_delegate.cc(571)] Could not load cef.pak
[0405/213910:ERROR:main_delegate.cc(588)] Could not load cef_100_percent.pak
[0405/213910:WARNING:resource_bundle.cc(497)] locale resources are not loaded
[0405/213910:WARNING:resource_bundle.cc(304)] locale_file_path.empty()
[0405/213910:ERROR:main_delegate.cc(564)] Could not load locale pak for en-US
[0405/213910:ERROR:main_delegate.cc(571)] Could not load cef.pak
[0405/213910:ERROR:main_delegate.cc(588)] Could not load cef_100_percent.pak
[0405/213917:WARNING:resource_bundle.cc(304)] locale_file_path.empty()
[0405/213917:ERROR:main_delegate.cc(564)] Could not load locale pak for en-US
[0405/213917:ERROR:main_delegate.cc(571)] Could not load cef.pak
[0405/213917:ERROR:main_delegate.cc(588)] Could not load cef_100_percent.pak
[0405/213917:WARNING:resource_bundle.cc(497)] locale resources are not loaded
[0405/213917:WARNING:resource_bundle.cc(304)] locale_file_path.empty()
[0405/213917:ERROR:main_delegate.cc(564)] Could not load locale pak for en-US
[0405/213917:ERROR:main_delegate.cc(571)] Could not load cef.pak
[0405/213917:ERROR:main_delegate.cc(588)] Could not load cef_100_percent.pak
[0405/213918:WARNING:resource_bundle.cc(304)] locale_file_path.empty()
[0405/213918:ERROR:main_delegate.cc(564)] Could not load locale pak for en-US
[0405/213918:ERROR:main_delegate.cc(571)] Could not load cef.pak
[0405/213918:ERROR:main_delegate.cc(588)] Could not load cef_100_percent.pak
[0405/213918:WARNING:resource_bundle.cc(304)] locale_file_path.empty()
[0405/213918:ERROR:main_delegate.cc(564)] Could not load locale pak for en-US
[0405/213918:ERROR:main_delegate.cc(571)] Could not load cef.pak
[0405/213918:ERROR:main_delegate.cc(588)] Could not load cef_100_percent.pak
[0405/213918:WARNING:resource_bundle.cc(497)] locale resources are not loaded
[0405/213918:WARNING:resource_bundle.cc(497)] locale resources are not loaded
[0405/213918:WARNING:resource_bundle.cc(304)] locale_file_path.empty()
[0405/213918:ERROR:main_delegate.cc(564)] Could not load locale pak for en-US
[0405/213918:ERROR:main_delegate.cc(571)] Could not load cef.pak
[0405/213918:ERROR:main_delegate.cc(588)] Could not load cef_100_percent.pak
[0405/213918:WARNING:resource_bundle.cc(304)] locale_file_path.empty()
[0405/213918:ERROR:main_delegate.cc(564)] Could not load locale pak for en-US
[0405/213918:ERROR:main_delegate.cc(571)] Could not load cef.pak
[0405/213918:ERROR:main_delegate.cc(588)] Could not load cef_100_percent.pak
[0405/213921:WARNING:resource_bundle.cc(304)] locale_file_path.empty()
[0405/213921:ERROR:main_delegate.cc(564)] Could not load locale pak for en-US
[0405/213921:ERROR:main_delegate.cc(571)] Could not load cef.pak
[0405/213921:ERROR:main_delegate.cc(588)] Could not load cef_100_percent.pak
[0405/213921:ERROR:renderer_main.cc(207)] Running without renderer sandbox
[0405/213923:WARNING:resource_bundle.cc(304)] locale_file_path.empty()
[0405/213923:ERROR:main_delegate.cc(564)] Could not load locale pak for en-US
[0405/213923:ERROR:main_delegate.cc(571)] Could not load cef.pak
[0405/213923:ERROR:main_delegate.cc(588)] Could not load cef_100_percent.pak
[0405/213923:ERROR:renderer_main.cc(207)] Running without renderer sandbox
[0405/213923:WARNING:resource_bundle.cc(304)] locale_file_path.empty()
[0405/213923:ERROR:main_delegate.cc(564)] Could not load locale pak for en-US
[0405/213923:ERROR:main_delegate.cc(571)] Could not load cef.pak
[0405/213923:ERROR:main_delegate.cc(588)] Could not load cef_100_percent.pak
[0405/213923:ERROR:renderer_main.cc(207)] Running without renderer sandbox
[0405/214003:WARNING:resource_bundle.cc(304)] locale_file_path.empty()
[0405/214003:ERROR:main_delegate.cc(564)] Could not load locale pak for en-US
[0405/214003:ERROR:main_delegate.cc(571)] Could not load cef.pak
[0405/214003:ERROR:main_delegate.cc(588)] Could not load cef_100_percent.pak
[0405/214003:WARNING:resource_bundle.cc(497)] locale resources are not loaded
[0405/214003:WARNING:resource_bundle.cc(304)] locale_file_path.empty()
[0405/214003:ERROR:main_delegate.cc(564)] Could not load locale pak for en-US
[0405/214003:ERROR:main_delegate.cc(571)] Could not load cef.pak
[0405/214003:ERROR:main_delegate.cc(588)] Could not load cef_100_percent.pak
[0405/214005:WARNING:resource_bundle.cc(304)] locale_file_path.empty()
[0405/214005:ERROR:main_delegate.cc(564)] Could not load locale pak for en-US
[0405/214005:ERROR:main_delegate.cc(571)] Could not load cef.pak
[0405/214005:ERROR:main_delegate.cc(588)] Could not load cef_100_percent.pak
[0405/214005:WARNING:resource_bundle.cc(497)] locale resources are not loaded
[0405/214005:WARNING:resource_bundle.cc(304)] locale_file_path.empty()
[0405/214005:ERROR:main_delegate.cc(564)] Could not load locale pak for en-US
[0405/214005:ERROR:main_delegate.cc(571)] Could not load cef.pak
[0405/214005:ERROR:main_delegate.cc(588)] Could not load cef_100_percent.pak
[0405/214007:WARNING:resource_bundle.cc(304)] locale_file_path.empty()
[0405/214007:ERROR:main_delegate.cc(564)] Could not load locale pak for en-US
[0405/214007:ERROR:main_delegate.cc(571)] Could not load cef.pak
[0405/214007:ERROR:main_delegate.cc(588)] Could not load cef_100_percent.pak
[0405/214007:ERROR:renderer_main.cc(207)] Running without renderer sandbox
[0405/214008:WARNING:resource_bundle.cc(304)] locale_file_path.empty()
[0405/214008:ERROR:main_delegate.cc(564)] Could not load locale pak for en-US
[0405/214008:ERROR:main_delegate.cc(571)] Could not load cef.pak
[0405/214008:ERROR:main_delegate.cc(588)] Could not load cef_100_percent.pak
[0405/214008:WARNING:resource_bundle.cc(497)] locale resources are not loaded
[0405/214008:WARNING:resource_bundle.cc(304)] locale_file_path.empty()
[0405/214008:ERROR:main_delegate.cc(564)] Could not load locale pak for en-US
[0405/214008:ERROR:main_delegate.cc(571)] Could not load cef.pak
[0405/214008:ERROR:main_delegate.cc(588)] Could not load cef_100_percent.pak
[0405/214010:WARNING:resource_bundle.cc(304)] locale_file_path.empty()
[0405/214010:ERROR:main_delegate.cc(564)] Could not load locale pak for en-US
[0405/214010:ERROR:main_delegate.cc(571)] Could not load cef.pak
[0405/214010:ERROR:main_delegate.cc(588)] Could not load cef_100_percent.pak
[0405/214010:ERROR:renderer_main.cc(207)] Running without renderer sandbox
[0405/214012:WARNING:resource_bundle.cc(304)] locale_file_path.empty()
[0405/214012:ERROR:main_delegate.cc(564)] Could not load locale pak for en-US
[0405/214012:ERROR:main_delegate.cc(571)] Could not load cef.pak
[0405/214012:ERROR:main_delegate.cc(588)] Could not load cef_100_percent.pak
[0405/214012:ERROR:renderer_main.cc(207)] Running without renderer sandbox
[0405/214413:WARNING:resource_bundle.cc(304)] locale_file_path.empty()
[0405/214413:ERROR:main_delegate.cc(564)] Could not load locale pak for en-US
[0405/214413:ERROR:main_delegate.cc(571)] Could not load cef.pak
[0405/214413:ERROR:main_delegate.cc(588)] Could not load cef_100_percent.pak
[0405/214413:WARNING:resource_bundle.cc(497)] locale resources are not loaded
[0405/214413:WARNING:resource_bundle.cc(304)] locale_file_path.empty()
[0405/214413:ERROR:main_delegate.cc(564)] Could not load locale pak for en-US
[0405/214413:ERROR:main_delegate.cc(571)] Could not load cef.pak
[0405/214413:ERROR:main_delegate.cc(588)] Could not load cef_100_percent.pak
[0405/214413:WARNING:resource_bundle.cc(497)] locale resources are not loaded
[0405/214413:WARNING:resource_bundle.cc(304)] locale_file_path.empty()
[0405/214413:ERROR:main_delegate.cc(564)] Could not load locale pak for en-US
[0405/214413:ERROR:main_delegate.cc(571)] Could not load cef.pak
[0405/214413:ERROR:main_delegate.cc(588)] Could not load cef_100_percent.pak
[0405/214413:WARNING:resource_bundle.cc(497)] locale resources are not loaded
[0405/214413:WARNING:resource_bundle.cc(304)] locale_file_path.empty()
[0405/214413:ERROR:main_delegate.cc(564)] Could not load locale pak for en-US
[0405/214413:ERROR:main_delegate.cc(571)] Could not load cef.pak
[0405/214413:ERROR:main_delegate.cc(588)] Could not load cef_100_percent.pak
[0405/214413:WARNING:resource_bundle.cc(304)] locale_file_path.empty()
[0405/214413:ERROR:main_delegate.cc(564)] Could not load locale pak for en-US
[0405/214413:ERROR:main_delegate.cc(571)] Could not load cef.pak
[0405/214413:ERROR:main_delegate.cc(588)] Could not load cef_100_percent.pak
[0405/214413:WARNING:resource_bundle.cc(304)] locale_file_path.empty()
[0405/214413:ERROR:main_delegate.cc(564)] Could not load locale pak for en-US
[0405/214413:ERROR:main_delegate.cc(571)] Could not load cef.pak
[0405/214413:ERROR:main_delegate.cc(588)] Could not load cef_100_percent.pak
[0405/214417:WARNING:resource_bundle.cc(304)] locale_file_path.empty()
[0405/214417:ERROR:main_delegate.cc(564)] Could not load locale pak for en-US
[0405/214417:ERROR:main_delegate.cc(571)] Could not load cef.pak
[0405/214417:ERROR:main_delegate.cc(588)] Could not load cef_100_percent.pak
[0405/214417:ERROR:renderer_main.cc(207)] Running without renderer sandbox
[0405/214417:WARNING:resource_bundle.cc(304)] locale_file_path.empty()
[0405/214417:ERROR:main_delegate.cc(564)] Could not load locale pak for en-US
[0405/214417:ERROR:main_delegate.cc(571)] Could not load cef.pak
[0405/214417:ERROR:main_delegate.cc(588)] Could not load cef_100_percent.pak
[0405/214417:ERROR:renderer_main.cc(207)] Running without renderer sandbox
[0405/214418:WARNING:resource_bundle.cc(304)] locale_file_path.empty()
[0405/214418:ERROR:main_delegate.cc(564)] Could not load locale pak for en-US
[0405/214418:ERROR:main_delegate.cc(571)] Could not load cef.pak
[0405/214418:ERROR:main_delegate.cc(588)] Could not load cef_100_percent.pak
[0405/214418:ERROR:renderer_main.cc(207)] Running without renderer sandbox
